<?xml version="1.0" encoding="UTF-8"?>
<testsuite name="test.Tests" tests="3" skipped="0" failures="0" errors="0" timestamp="2015-02-01T06:27:51" hostname="Will" time="1.824">
  <properties/>
  <testcase name="getOrderbookSnapshot" classname="test.Tests" time="1.057"/>
  <testcase name="attachAgentToSocket" classname="test.Tests" time="0.378"/>
  <testcase name="getHistoricalData" classname="test.Tests" time="0.388"/>
  <system-out><![CDATA[Agent has connected
]]></system-out>
  <system-err><![CDATA[SLF4J: Failed to load class "org.slf4j.impl.StaticLoggerBinder".
SLF4J: Defaulting to no-operation (NOP) logger implementation
SLF4J: See http://www.slf4j.org/codes.html#StaticLoggerBinder for further details.
]]></system-err>
</testsuite>
